<?xml version="1.0" encoding="UTF-8"?>
<!-- Generated by org.testng.reporters.JUnitXMLReporter -->
<testsuite ignored="0" hostname="DESKTOP-PM8A71U" failures="0" tests="19" name="Surefire test" time="12.982" errors="0" timestamp="2024-11-23T16:22:16 IST">
  <testcase classname="restfulapi.GetAPITest" name="getListofall" time="4.336"/>
  <testcase classname="restfulapi.GetAPITest" name="getListofall_Negative" time="0.234"/>
  <testcase classname="restfulapi.GetAPITest" name="getbyID" time="0.381"/>
  <testcase classname="restfulapi.GetAPITest" name="getcreateduser" time="0.324"/>
  <testcase classname="restfulapi.NegativeTests" name="createinvaliduser" time="1.321"/>
  <testcase classname="restfulapi.NegativeTests" name="createinvaliduser5" time="0.33"/>
  <testcase classname="restfulapi.NegativeTests" name="createinvaliduserWithoutName" time="0.422"/>
  <testcase classname="restfulapi.NegativeTests" name="createinvaliduser_NegativePrice" time="0.317"/>
  <testcase classname="restfulapi.NegativeTests" name="createinvaliduser_ZeroPriceValue" time="0.549"/>
  <testcase classname="restfulapi.NegativeTests" name="createinvaliduserwithEmptyDatafield" time="0.609"/>
  <testcase classname="restfulapi.NegativeTests" name="createinvaliduserwithSpecialChar" time="0.422"/>
  <testcase classname="restfulapi.NegativeTests" name="updateUser_NegativePriceValue" time="0.673"/>
  <testcase classname="restfulapi.NegativeTests" name="updateUser_NotAddingName" time="0.289"/>
  <testcase classname="restfulapi.NegativeTests" name="updateUser_highPriceValue" time="0.384"/>
  <testcase classname="restfulapi.PostTests" name="addobject" time="0.606"/>
  <testcase classname="restfulapi.PostTests" name="updateobjecttest" time="0.459"/>
  <testcase classname="restfulapi.PostTests" name="patchuser" time="0.263"/>
  <testcase classname="restfulapi.PostTests" name="getcreateduser" time="0.451"/>
  <testcase classname="restfulapi.PostTests" name="deleteuser" time="0.462"/>
</testsuite> <!-- Surefire test -->
