<?xml version="1.0" encoding="UTF-8"?>
<!-- Generated by org.testng.reporters.JUnitXMLReporter -->
<testsuite ignored="3" hostname="DESKTOP-PM8A71U" failures="0" tests="1" name="Default test" time="3.687" errors="0" timestamp="2024-11-23T16:21:30 IST">
  <testcase classname="restfulapi.GetAPITest" name="getListofall_Negative" time="3.572"/>
  <testcase classname="restfulapi.GetAPITest" name="getListofall" time="0.0">
    <ignored/>
  </testcase> <!-- getListofall -->
  <testcase classname="restfulapi.GetAPITest" name="getbyID" time="0.0">
    <ignored/>
  </testcase> <!-- getbyID -->
  <testcase classname="restfulapi.GetAPITest" name="getcreateduser" time="0.0">
    <ignored/>
  </testcase> <!-- getcreateduser -->
</testsuite> <!-- Default test -->
