<?xml version="1.0" encoding="UTF-8"?>
<testsuite xmlns:xsi="http://www.w3.org/2001/XMLSchema-instance" xsi:noNamespaceSchemaLocation="https://maven.apache.org/surefire/maven-surefire-plugin/xsd/surefire-test-report-3.0.xsd" version="3.0" name="TestSuite" time="14.645" tests="19" errors="0" skipped="0" failures="0">
  <properties>
[...]
</properties>
  <testcase name="getListofall" classname="restfulapi.GetAPITest" time="4.315">
    <system-err><![CDATA[SLF4J: Failed to load class "org.slf4j.impl.StaticLoggerBinder".
SLF4J: Defaulting to no-operation (NOP) logger implementation
SLF4J: See http://www.slf4j.org/codes.html#StaticLoggerBinder for further details.
]]></system-err>
  </testcase>
  <testcase name="getListofall_Negative" classname="restfulapi.GetAPITest" time="0.233"/>
  <testcase name="getbyID" classname="restfulapi.GetAPITest" time="0.386">
    <system-out><![CDATA[HTTP/1.1 200 
Date: Sat, 23 Nov 2024 10:52:08 GMT
Content-Type: text/plain;charset=UTF-8
Content-Length: 28
Connection: keep-alive
Vary: Origin
Vary: Access-Control-Request-Method
Vary: Access-Control-Request-Headers
cf-cache-status: DYNAMIC
Report-To: {"endpoints":[{"url":"https:\/\/a.nel.cloudflare.com\/report\/v4?s=3mYavYJJ%2B2qubxH2VF%2BydVgq%2FbXnUddTQ3%2BAsQD7w82cnyYP7pC4fo%2FIsgJF1F4wMlxBqD%2FWrZPkRZgeKuMBixP%2FLaBg8M%2BfPVKxv8mk6xfyX8nDyzFkJHmRt2yQJrsXJwkSP8MN"}],"group":"cf-nel","max_age":604800}
NEL: {"success_fraction":0,"report_to":"cf-nel","max_age":604800}
Server: cloudflare
CF-RAY: 8e709baa1b1dce09-SIN
alt-svc: h3=":443"; ma=86400
server-timing: cfL4;desc="?proto=TCP&rtt=49798&sent=5&recv=6&lost=0&retrans=0&sent_bytes=3123&recv_bytes=779&delivery_rate=86655&cwnd=181&unsent_bytes=0&cid=10175f48e8352313&ts=147&x=0"

Hello world from Spring Boot
]]></system-out>
  </testcase>
  <testcase name="getcreateduser" classname="restfulapi.GetAPITest" time="0.326">
    <system-out><![CDATA[{
    "id": "7",
    "name": "Apple MacBook Pro 16",
    "data": {
        "year": 2019,
        "price": 1849.99,
        "CPU model": "Intel Core i9",
        "Hard disk size": "1 TB"
    }
}
{
    "id": "7",
    "name": "Apple MacBook Pro 16",
    "data": {
        "year": 2019,
        "price": 1849.99,
        "CPU model": "Intel Core i9",
        "Hard disk size": "1 TB"
    }
}
]]></system-out>
  </testcase>
  <testcase name="createinvaliduser" classname="restfulapi.NegativeTests" time="1.32">
    <system-out><![CDATA[{
    "id": "ff808181932badb6019358a689547809",
    "name": "Karnataka laptops",
    "createdAt": "2024-11-23T10:52:09.428+00:00",
    "data": {
        "year": "twenty nine teen",
        "price": "twenty five rupees",
        "CPU model": "Intel Core i9",
        "Hard disk size": "1 TB"
    }
}
{
    "id": "ff808181932badb6019358a689547809",
    "name": "Karnataka laptops",
    "createdAt": "2024-11-23T10:52:09.428+00:00",
    "data": {
        "year": "twenty nine teen",
        "price": "twenty five rupees",
        "CPU model": "Intel Core i9",
        "Hard disk size": "1 TB"
    }
}
]]></system-out>
  </testcase>
  <testcase name="createinvaliduser5" classname="restfulapi.NegativeTests" time="0.336">
    <system-out><![CDATA[{
    "id": "ff808181932badb6019358a68e4f780a",
    "name": "Apple MacBook Pro 16",
    "createdAt": "2024-11-23T10:52:10.703+00:00",
    "data": {
        "year": 2019,
        "price": 9.9999999E7,
        "CPU model": "Intel Core i9",
        "Hard disk size": "1 TB"
    }
}
{
    "id": "ff808181932badb6019358a68e4f780a",
    "name": "Apple MacBook Pro 16",
    "createdAt": "2024-11-23T10:52:10.703+00:00",
    "data": {
        "year": 2019,
        "price": 9.9999999E7,
        "CPU model": "Intel Core i9",
        "Hard disk size": "1 TB"
    }
}
]]></system-out>
  </testcase>
  <testcase name="createinvaliduserWithoutName" classname="restfulapi.NegativeTests" time="0.422">
    <system-out><![CDATA[{
    "id": "ff808181932badb6019358a68fea780b",
    "name": null,
    "createdAt": "2024-11-23T10:52:11.114+00:00",
    "data": {
        "year": 2019,
        "price": 1849.99,
        "CPU model": "Intel Core i9",
        "Hard disk size": "1 TB"
    }
}
{
    "id": "ff808181932badb6019358a68fea780b",
    "name": null,
    "createdAt": "2024-11-23T10:52:11.114+00:00",
    "data": {
        "year": 2019,
        "price": 1849.99,
        "CPU model": "Intel Core i9",
        "Hard disk size": "1 TB"
    }
}
]]></system-out>
  </testcase>
  <testcase name="createinvaliduser_NegativePrice" classname="restfulapi.NegativeTests" time="0.317">
    <system-out><![CDATA[{
    "id": "ff808181932badb6019358a69147780c",
    "name": null,
    "createdAt": "2024-11-23T10:52:11.463+00:00",
    "data": {
        "year": 2019,
        "price": -0.13,
        "CPU model": "Intel Core i9",
        "Hard disk size": "1 TB"
    }
}
{
    "id": "ff808181932badb6019358a69147780c",
    "name": null,
    "createdAt": "2024-11-23T10:52:11.463+00:00",
    "data": {
        "year": 2019,
        "price": -0.13,
        "CPU model": "Intel Core i9",
        "Hard disk size": "1 TB"
    }
}
]]></system-out>
  </testcase>
  <testcase name="createinvaliduser_ZeroPriceValue" classname="restfulapi.NegativeTests" time="0.548">
    <system-out><![CDATA[{
    "id": "ff808181932badb6019358a69319780d",
    "name": "Karnataka laptops",
    "createdAt": "2024-11-23T10:52:11.929+00:00",
    "data": {
        "year": "twenty nine teen",
        "price": 0,
        "CPU model": "Intel Core i9",
        "Hard disk size": "1 TB"
    }
}
{
    "id": "ff808181932badb6019358a69319780d",
    "name": "Karnataka laptops",
    "createdAt": "2024-11-23T10:52:11.929+00:00",
    "data": {
        "year": "twenty nine teen",
        "price": 0,
        "CPU model": "Intel Core i9",
        "Hard disk size": "1 TB"
    }
}
]]></system-out>
  </testcase>
  <testcase name="createinvaliduserwithEmptyDatafield" classname="restfulapi.NegativeTests" time="0.61">
    <system-out><![CDATA[{
    "id": "ff808181932badb6019358a6956f780e",
    "name": "Apple MacBook Pro 16",
    "createdAt": "2024-11-23T10:52:12.527+00:00",
    "data": {
        
    }
}
{
    "id": "ff808181932badb6019358a6956f780e",
    "name": "Apple MacBook Pro 16",
    "createdAt": "2024-11-23T10:52:12.527+00:00",
    "data": {
        
    }
}
]]></system-out>
  </testcase>
  <testcase name="createinvaliduserwithSpecialChar" classname="restfulapi.NegativeTests" time="0.423">
    <system-out><![CDATA[{
    "id": "ff808181932badb6019358a6975a780f",
    "name": "Apple MacBook)*(#$)#(",
    "createdAt": "2024-11-23T10:52:13.018+00:00",
    "data": {
        "year": 2019,
        "price": 9.9999999E7,
        "CPU model": "Intel Core i9",
        "Hard disk size": "1 TB"
    }
}
{
    "id": "ff808181932badb6019358a6975a780f",
    "name": "Apple MacBook)*(#$)#(",
    "createdAt": "2024-11-23T10:52:13.018+00:00",
    "data": {
        "year": 2019,
        "price": 9.9999999E7,
        "CPU model": "Intel Core i9",
        "Hard disk size": "1 TB"
    }
}
]]></system-out>
  </testcase>
  <testcase name="updateUser_NegativePriceValue" classname="restfulapi.NegativeTests" time="0.676">
    <system-out><![CDATA[{
    "id": "ff808181932badb60193583d19f376bf",
    "name": "Apple MacBook Pro 16",
    "updatedAt": "2024-11-23T10:52:13.664+00:00",
    "data": {
        "year": 2019,
        "price": -1023,
        "CPU model": "Intel Core i9",
        "Hard disk size": "1 TB",
        "color": "silver"
    }
}
{
    "id": "ff808181932badb60193583d19f376bf",
    "name": "Apple MacBook Pro 16",
    "updatedAt": "2024-11-23T10:52:13.664+00:00",
    "data": {
        "year": 2019,
        "price": -1023,
        "CPU model": "Intel Core i9",
        "Hard disk size": "1 TB",
        "color": "silver"
    }
}
]]></system-out>
  </testcase>
  <testcase name="updateUser_NotAddingName" classname="restfulapi.NegativeTests" time="0.286">
    <system-out><![CDATA[{
    "id": "ff808181932badb60193583d19f376bf",
    "name": null,
    "updatedAt": "2024-11-23T10:52:14.041+00:00",
    "data": {
        "year": 2019,
        "price": 9999999,
        "CPU model": "Intel Core i9",
        "Hard disk size": "1 TB",
        "color": "silver"
    }
}
{
    "id": "ff808181932badb60193583d19f376bf",
    "name": null,
    "updatedAt": "2024-11-23T10:52:14.041+00:00",
    "data": {
        "year": 2019,
        "price": 9999999,
        "CPU model": "Intel Core i9",
        "Hard disk size": "1 TB",
        "color": "silver"
    }
}
]]></system-out>
  </testcase>
  <testcase name="updateUser_highPriceValue" classname="restfulapi.NegativeTests" time="0.383">
    <system-out><![CDATA[{
    "id": "ff808181932badb60193583d19f376bf",
    "name": "Apple MacBook Pro 16",
    "updatedAt": "2024-11-23T10:52:14.400+00:00",
    "data": {
        "year": 2019,
        "price": 9999999,
        "CPU model": "Intel Core i9",
        "Hard disk size": "1 TB",
        "color": "silver"
    }
}
{
    "id": "ff808181932badb60193583d19f376bf",
    "name": "Apple MacBook Pro 16",
    "updatedAt": "2024-11-23T10:52:14.400+00:00",
    "data": {
        "year": 2019,
        "price": 9999999,
        "CPU model": "Intel Core i9",
        "Hard disk size": "1 TB",
        "color": "silver"
    }
}
]]></system-out>
  </testcase>
  <testcase name="addobject" classname="restfulapi.PostTests" time="0.617">
    <system-out><![CDATA[{
    "id": "ff808181932badb6019358a69ebb7810",
    "name": "Apple MacBook Pro 16",
    "createdAt": "2024-11-23T10:52:14.907+00:00",
    "data": {
        "year": 2019,
        "price": 1849.99,
        "CPU model": "Intel Core i9",
        "Hard disk size": "1 TB"
    }
}
{
    "id": "ff808181932badb6019358a69ebb7810",
    "name": "Apple MacBook Pro 16",
    "createdAt": "2024-11-23T10:52:14.907+00:00",
    "data": {
        "year": 2019,
        "price": 1849.99,
        "CPU model": "Intel Core i9",
        "Hard disk size": "1 TB"
    }
}
]]></system-out>
  </testcase>
  <testcase name="updateobjecttest" classname="restfulapi.PostTests" time="0.451">
    <system-out><![CDATA[{
    "id": "ff808181932badb6019358a69ebb7810",
    "name": "Apple MacBook Pro 16",
    "updatedAt": "2024-11-23T10:52:15.400+00:00",
    "data": {
        "year": 2019,
        "price": 2049.99,
        "CPU model": "Intel Core i9",
        "Hard disk size": "1 TB",
        "color": "silver"
    }
}
{
    "id": "ff808181932badb6019358a69ebb7810",
    "name": "Apple MacBook Pro 16",
    "updatedAt": "2024-11-23T10:52:15.400+00:00",
    "data": {
        "year": 2019,
        "price": 2049.99,
        "CPU model": "Intel Core i9",
        "Hard disk size": "1 TB",
        "color": "silver"
    }
}
]]></system-out>
  </testcase>
  <testcase name="patchuser" classname="restfulapi.PostTests" time="0.27">
    <system-out><![CDATA[{
    "id": "ff808181932badb6019358a69ebb7810",
    "name": "Kiran laptops",
    "updatedAt": "2024-11-23T10:52:15.769+00:00",
    "data": {
        "year": 2019,
        "price": 2049.99,
        "CPU model": "Intel Core i9",
        "Hard disk size": "1 TB",
        "color": "silver"
    }
}
]]></system-out>
  </testcase>
  <testcase name="getcreateduser" classname="restfulapi.PostTests" time="0.446">
    <system-out><![CDATA[{
    "id": "ff808181932badb6019358a69ebb7810",
    "name": "Kiran laptops",
    "data": {
        "year": 2019,
        "price": 2049.99,
        "CPU model": "Intel Core i9",
        "Hard disk size": "1 TB",
        "color": "silver"
    }
}
{
    "id": "ff808181932badb6019358a69ebb7810",
    "name": "Kiran laptops",
    "data": {
        "year": 2019,
        "price": 2049.99,
        "CPU model": "Intel Core i9",
        "Hard disk size": "1 TB",
        "color": "silver"
    }
}
]]></system-out>
  </testcase>
  <testcase name="deleteuser" classname="restfulapi.PostTests" time="0.459"/>
</testsuite>