<?xml version="1.0" encoding="UTF-8"?>
<testng-results ignored="0" total="19" passed="19" failed="0" skipped="0">
  <reporter-output>
  </reporter-output>
  <suite started-at="2024-11-23T16:22:03 IST" name="Surefire suite" finished-at="2024-11-23T16:22:16 IST" duration-ms="12982">
    <groups>
    </groups>
    <test started-at="2024-11-23T16:22:03 IST" name="Surefire test" finished-at="2024-11-23T16:22:16 IST" duration-ms="12982">
      <class name="restfulapi.GetAPITest">
        <test-method signature="getListofall()[pri:0, instance:restfulapi.GetAPITest@45018215]" started-at="2024-11-23T16:22:03 IST" name="getListofall" finished-at="2024-11-23T16:22:07 IST" duration-ms="4336" status="PASS">
          <reporter-output>
          </reporter-output>
        </test-method> <!-- getListofall -->
        <test-method signature="getListofall_Negative()[pri:0, instance:restfulapi.GetAPITest@45018215]" started-at="2024-11-23T16:22:07 IST" name="getListofall_Negative" finished-at="2024-11-23T16:22:08 IST" duration-ms="234" status="PASS">
          <reporter-output>
          </reporter-output>
        </test-method> <!-- getListofall_Negative -->
        <test-method signature="getbyID()[pri:0, instance:restfulapi.GetAPITest@45018215]" started-at="2024-11-23T16:22:08 IST" name="getbyID" finished-at="2024-11-23T16:22:08 IST" duration-ms="381" status="PASS">
          <reporter-output>
          </reporter-output>
        </test-method> <!-- getbyID -->
        <test-method signature="getcreateduser()[pri:0, instance:restfulapi.GetAPITest@45018215]" started-at="2024-11-23T16:22:08 IST" name="getcreateduser" finished-at="2024-11-23T16:22:08 IST" duration-ms="324" status="PASS">
          <reporter-output>
          </reporter-output>
        </test-method> <!-- getcreateduser -->
      </class> <!-- restfulapi.GetAPITest -->
      <class name="restfulapi.PostTests">
        <test-method signature="addobject()[pri:1, instance:restfulapi.PostTests@4278a03f]" started-at="2024-11-23T16:22:14 IST" name="addobject" finished-at="2024-11-23T16:22:14 IST" duration-ms="606" status="PASS">
          <reporter-output>
          </reporter-output>
        </test-method> <!-- addobject -->
        <test-method signature="updateobjecttest()[pri:2, instance:restfulapi.PostTests@4278a03f]" started-at="2024-11-23T16:22:14 IST" name="updateobjecttest" finished-at="2024-11-23T16:22:15 IST" duration-ms="459" status="PASS">
          <reporter-output>
          </reporter-output>
        </test-method> <!-- updateobjecttest -->
        <test-method signature="patchuser()[pri:3, instance:restfulapi.PostTests@4278a03f]" started-at="2024-11-23T16:22:15 IST" name="patchuser" finished-at="2024-11-23T16:22:15 IST" duration-ms="263" status="PASS">
          <reporter-output>
          </reporter-output>
        </test-method> <!-- patchuser -->
        <test-method signature="getcreateduser()[pri:4, instance:restfulapi.PostTests@4278a03f]" started-at="2024-11-23T16:22:15 IST" name="getcreateduser" finished-at="2024-11-23T16:22:15 IST" duration-ms="451" status="PASS">
          <reporter-output>
          </reporter-output>
        </test-method> <!-- getcreateduser -->
        <test-method signature="deleteuser()[pri:5, instance:restfulapi.PostTests@4278a03f]" started-at="2024-11-23T16:22:15 IST" name="deleteuser" finished-at="2024-11-23T16:22:16 IST" duration-ms="462" status="PASS">
          <reporter-output>
          </reporter-output>
        </test-method> <!-- deleteuser -->
      </class> <!-- restfulapi.PostTests -->
      <class name="restfulapi.NegativeTests">
        <test-method signature="createinvaliduser()[pri:0, instance:restfulapi.NegativeTests@2f177a4b]" started-at="2024-11-23T16:22:08 IST" name="createinvaliduser" finished-at="2024-11-23T16:22:10 IST" duration-ms="1321" status="PASS">
          <reporter-output>
          </reporter-output>
        </test-method> <!-- createinvaliduser -->
        <test-method signature="createinvaliduser5()[pri:0, instance:restfulapi.NegativeTests@2f177a4b]" started-at="2024-11-23T16:22:10 IST" name="createinvaliduser5" finished-at="2024-11-23T16:22:10 IST" duration-ms="330" status="PASS">
          <reporter-output>
          </reporter-output>
        </test-method> <!-- createinvaliduser5 -->
        <test-method signature="createinvaliduserWithoutName()[pri:0, instance:restfulapi.NegativeTests@2f177a4b]" started-at="2024-11-23T16:22:10 IST" name="createinvaliduserWithoutName" finished-at="2024-11-23T16:22:10 IST" duration-ms="422" status="PASS">
          <reporter-output>
          </reporter-output>
        </test-method> <!-- createinvaliduserWithoutName -->
        <test-method signature="createinvaliduser_NegativePrice()[pri:0, instance:restfulapi.NegativeTests@2f177a4b]" started-at="2024-11-23T16:22:10 IST" name="createinvaliduser_NegativePrice" finished-at="2024-11-23T16:22:11 IST" duration-ms="317" status="PASS">
          <reporter-output>
          </reporter-output>
        </test-method> <!-- createinvaliduser_NegativePrice -->
        <test-method signature="createinvaliduser_ZeroPriceValue()[pri:0, instance:restfulapi.NegativeTests@2f177a4b]" started-at="2024-11-23T16:22:11 IST" name="createinvaliduser_ZeroPriceValue" finished-at="2024-11-23T16:22:11 IST" duration-ms="549" status="PASS">
          <reporter-output>
          </reporter-output>
        </test-method> <!-- createinvaliduser_ZeroPriceValue -->
        <test-method signature="createinvaliduserwithEmptyDatafield()[pri:0, instance:restfulapi.NegativeTests@2f177a4b]" started-at="2024-11-23T16:22:11 IST" name="createinvaliduserwithEmptyDatafield" finished-at="2024-11-23T16:22:12 IST" duration-ms="609" status="PASS">
          <reporter-output>
          </reporter-output>
        </test-method> <!-- createinvaliduserwithEmptyDatafield -->
        <test-method signature="createinvaliduserwithSpecialChar()[pri:0, instance:restfulapi.NegativeTests@2f177a4b]" started-at="2024-11-23T16:22:12 IST" name="createinvaliduserwithSpecialChar" finished-at="2024-11-23T16:22:12 IST" duration-ms="422" status="PASS">
          <reporter-output>
          </reporter-output>
        </test-method> <!-- createinvaliduserwithSpecialChar -->
        <test-method signature="updateUser_NegativePriceValue()[pri:0, instance:restfulapi.NegativeTests@2f177a4b]" started-at="2024-11-23T16:22:12 IST" name="updateUser_NegativePriceValue" finished-at="2024-11-23T16:22:13 IST" duration-ms="673" status="PASS">
          <reporter-output>
          </reporter-output>
        </test-method> <!-- updateUser_NegativePriceValue -->
        <test-method signature="updateUser_NotAddingName()[pri:0, instance:restfulapi.NegativeTests@2f177a4b]" started-at="2024-11-23T16:22:13 IST" name="updateUser_NotAddingName" finished-at="2024-11-23T16:22:13 IST" duration-ms="289" status="PASS">
          <reporter-output>
          </reporter-output>
        </test-method> <!-- updateUser_NotAddingName -->
        <test-method signature="updateUser_highPriceValue()[pri:0, instance:restfulapi.NegativeTests@2f177a4b]" started-at="2024-11-23T16:22:13 IST" name="updateUser_highPriceValue" finished-at="2024-11-23T16:22:14 IST" duration-ms="384" status="PASS">
          <reporter-output>
          </reporter-output>
        </test-method> <!-- updateUser_highPriceValue -->
      </class> <!-- restfulapi.NegativeTests -->
    </test> <!-- Surefire test -->
  </suite> <!-- Surefire suite -->
</testng-results>
