<?xml version="1.0" encoding="UTF-8"?>
<testsuite xmlns:xsi="http://www.w3.org/2001/XMLSchema-instance" xsi:noNamespaceSchemaLocation="https://maven.apache.org/surefire/maven-surefire-plugin/xsd/surefire-test-report-3.0.xsd" version="3.0" name="restfulapi.NegativeTests" time="16.378" tests="10" errors="0" skipped="0" failures="0">
  <properties>
[...]
</properties>
  <testcase name="createinvaliduser" classname="restfulapi.NegativeTests" time="5.848">
    <system-out><![CDATA[{
    "id": "ff808181932badb6019358a17f5877eb",
    "name": "Karnataka laptops",
    "createdAt": "2024-11-23T10:46:39.192+00:00",
    "data": {
        "year": "twenty nine teen",
        "price": "twenty five rupees",
        "CPU model": "Intel Core i9",
        "Hard disk size": "1 TB"
    }
}
{
    "id": "ff808181932badb6019358a17f5877eb",
    "name": "Karnataka laptops",
    "createdAt": "2024-11-23T10:46:39.192+00:00",
    "data": {
        "year": "twenty nine teen",
        "price": "twenty five rupees",
        "CPU model": "Intel Core i9",
        "Hard disk size": "1 TB"
    }
}
]]></system-out>
    <system-err><![CDATA[SLF4J: Failed to load class "org.slf4j.impl.StaticLoggerBinder".
SLF4J: Defaulting to no-operation (NOP) logger implementation
SLF4J: See http://www.slf4j.org/codes.html#StaticLoggerBinder for further details.
]]></system-err>
  </testcase>
  <testcase name="createinvaliduser5" classname="restfulapi.NegativeTests" time="1.005">
    <system-out><![CDATA[{
    "id": "ff808181932badb6019358a187b377ec",
    "name": "Apple MacBook Pro 16",
    "createdAt": "2024-11-23T10:46:41.331+00:00",
    "data": {
        "year": 2019,
        "price": 9.9999999E7,
        "CPU model": "Intel Core i9",
        "Hard disk size": "1 TB"
    }
}
{
    "id": "ff808181932badb6019358a187b377ec",
    "name": "Apple MacBook Pro 16",
    "createdAt": "2024-11-23T10:46:41.331+00:00",
    "data": {
        "year": 2019,
        "price": 9.9999999E7,
        "CPU model": "Intel Core i9",
        "Hard disk size": "1 TB"
    }
}
]]></system-out>
  </testcase>
  <testcase name="createinvaliduserWithoutName" classname="restfulapi.NegativeTests" time="1.223">
    <system-out><![CDATA[{
    "id": "ff808181932badb6019358a18c5d77ed",
    "name": null,
    "createdAt": "2024-11-23T10:46:42.525+00:00",
    "data": {
        "year": 2019,
        "price": 1849.99,
        "CPU model": "Intel Core i9",
        "Hard disk size": "1 TB"
    }
}
{
    "id": "ff808181932badb6019358a18c5d77ed",
    "name": null,
    "createdAt": "2024-11-23T10:46:42.525+00:00",
    "data": {
        "year": 2019,
        "price": 1849.99,
        "CPU model": "Intel Core i9",
        "Hard disk size": "1 TB"
    }
}
]]></system-out>
  </testcase>
  <testcase name="createinvaliduser_NegativePrice" classname="restfulapi.NegativeTests" time="0.808">
    <system-out><![CDATA[{
    "id": "ff808181932badb6019358a18fca77ee",
    "name": null,
    "createdAt": "2024-11-23T10:46:43.402+00:00",
    "data": {
        "year": 2019,
        "price": -0.13,
        "CPU model": "Intel Core i9",
        "Hard disk size": "1 TB"
    }
}
{
    "id": "ff808181932badb6019358a18fca77ee",
    "name": null,
    "createdAt": "2024-11-23T10:46:43.402+00:00",
    "data": {
        "year": 2019,
        "price": -0.13,
        "CPU model": "Intel Core i9",
        "Hard disk size": "1 TB"
    }
}
]]></system-out>
  </testcase>
  <testcase name="createinvaliduser_ZeroPriceValue" classname="restfulapi.NegativeTests" time="0.907">
    <system-out><![CDATA[{
    "id": "ff808181932badb6019358a1932977ef",
    "name": "Karnataka laptops",
    "createdAt": "2024-11-23T10:46:44.265+00:00",
    "data": {
        "year": "twenty nine teen",
        "price": 0,
        "CPU model": "Intel Core i9",
        "Hard disk size": "1 TB"
    }
}
{
    "id": "ff808181932badb6019358a1932977ef",
    "name": "Karnataka laptops",
    "createdAt": "2024-11-23T10:46:44.265+00:00",
    "data": {
        "year": "twenty nine teen",
        "price": 0,
        "CPU model": "Intel Core i9",
        "Hard disk size": "1 TB"
    }
}
]]></system-out>
  </testcase>
  <testcase name="createinvaliduserwithEmptyDatafield" classname="restfulapi.NegativeTests" time="0.813">
    <system-out><![CDATA[{
    "id": "ff808181932badb6019358a1968977f0",
    "name": "Apple MacBook Pro 16",
    "createdAt": "2024-11-23T10:46:45.129+00:00",
    "data": {
        
    }
}
{
    "id": "ff808181932badb6019358a1968977f0",
    "name": "Apple MacBook Pro 16",
    "createdAt": "2024-11-23T10:46:45.129+00:00",
    "data": {
        
    }
}
]]></system-out>
  </testcase>
  <testcase name="createinvaliduserwithSpecialChar" classname="restfulapi.NegativeTests" time="1.016">
    <system-out><![CDATA[{
    "id": "ff808181932badb6019358a19a8077f1",
    "name": "Apple MacBook)*(#$)#(",
    "createdAt": "2024-11-23T10:46:46.144+00:00",
    "data": {
        "year": 2019,
        "price": 9.9999999E7,
        "CPU model": "Intel Core i9",
        "Hard disk size": "1 TB"
    }
}
{
    "id": "ff808181932badb6019358a19a8077f1",
    "name": "Apple MacBook)*(#$)#(",
    "createdAt": "2024-11-23T10:46:46.144+00:00",
    "data": {
        "year": 2019,
        "price": 9.9999999E7,
        "CPU model": "Intel Core i9",
        "Hard disk size": "1 TB"
    }
}
]]></system-out>
  </testcase>
  <testcase name="updateUser_NegativePriceValue" classname="restfulapi.NegativeTests" time="1.253">
    <system-out><![CDATA[{
    "id": "ff808181932badb60193583d19f376bf",
    "name": "Apple MacBook Pro 16",
    "updatedAt": "2024-11-23T10:46:47.411+00:00",
    "data": {
        "year": 2019,
        "price": -1023,
        "CPU model": "Intel Core i9",
        "Hard disk size": "1 TB",
        "color": "silver"
    }
}
{
    "id": "ff808181932badb60193583d19f376bf",
    "name": "Apple MacBook Pro 16",
    "updatedAt": "2024-11-23T10:46:47.411+00:00",
    "data": {
        "year": 2019,
        "price": -1023,
        "CPU model": "Intel Core i9",
        "Hard disk size": "1 TB",
        "color": "silver"
    }
}
]]></system-out>
  </testcase>
  <testcase name="updateUser_NotAddingName" classname="restfulapi.NegativeTests" time="0.777">
    <system-out><![CDATA[{
    "id": "ff808181932badb60193583d19f376bf",
    "name": null,
    "updatedAt": "2024-11-23T10:46:48.222+00:00",
    "data": {
        "year": 2019,
        "price": 9999999,
        "CPU model": "Intel Core i9",
        "Hard disk size": "1 TB",
        "color": "silver"
    }
}
{
    "id": "ff808181932badb60193583d19f376bf",
    "name": null,
    "updatedAt": "2024-11-23T10:46:48.222+00:00",
    "data": {
        "year": 2019,
        "price": 9999999,
        "CPU model": "Intel Core i9",
        "Hard disk size": "1 TB",
        "color": "silver"
    }
}
]]></system-out>
  </testcase>
  <testcase name="updateUser_highPriceValue" classname="restfulapi.NegativeTests" time="0.896">
    <system-out><![CDATA[{
    "id": "ff808181932badb60193583d19f376bf",
    "name": "Apple MacBook Pro 16",
    "updatedAt": "2024-11-23T10:46:49.048+00:00",
    "data": {
        "year": 2019,
        "price": 9999999,
        "CPU model": "Intel Core i9",
        "Hard disk size": "1 TB",
        "color": "silver"
    }
}
{
    "id": "ff808181932badb60193583d19f376bf",
    "name": "Apple MacBook Pro 16",
    "updatedAt": "2024-11-23T10:46:49.048+00:00",
    "data": {
        "year": 2019,
        "price": 9999999,
        "CPU model": "Intel Core i9",
        "Hard disk size": "1 TB",
        "color": "silver"
    }
}
]]></system-out>
  </testcase>
</testsuite>