<?xml version="1.0" encoding="UTF-8"?>
<testng-results ignored="0" total="1" passed="1" failed="0" skipped="0">
  <reporter-output>
  </reporter-output>
  <suite started-at="2024-11-23T16:21:26 IST" name="Default suite" finished-at="2024-11-23T16:21:30 IST" duration-ms="3687">
    <groups>
    </groups>
    <test started-at="2024-11-23T16:21:26 IST" name="Default test" finished-at="2024-11-23T16:21:30 IST" duration-ms="3687">
      <class name="restfulapi.GetAPITest">
        <test-method signature="getListofall_Negative()[pri:0, instance:restfulapi.GetAPITest@5677323c]" started-at="2024-11-23T16:21:26 IST" name="getListofall_Negative" finished-at="2024-11-23T16:21:30 IST" duration-ms="3572" status="PASS">
          <reporter-output>
          </reporter-output>
        </test-method> <!-- getListofall_Negative -->
      </class> <!-- restfulapi.GetAPITest -->
    </test> <!-- Default test -->
  </suite> <!-- Default suite -->
</testng-results>
